# JRE version: Java(TM) SE Runtime Environment (8.0_261-b12) (build 1.8.0_261-b12)
# Java VM: Java HotSpot(TM) 64-Bit Server VM (25.261-b12 mixed mode windows-amd64 compressed oops)
Heap:
 PSYoungGen      total 364032K, used 73989K [0x000000076c400000, 0x000000078a000000, 0x00000007c0000000)
  eden space 352256K, 21% used [0x000000076c400000,0x0000000770c41710,0x0000000781c00000)
  from space 11776K, 0% used [0x0000000781c00000,0x0000000781c00000,0x0000000782780000)
  to   space 12288K, 0% used [0x0000000789400000,0x0000000789400000,0x000000078a000000)
 ParOldGen       total 301568K, used 63892K [0x00000006c4c00000, 0x00000006d7280000, 0x000000076c400000)
  object space 301568K, 21% used [0x00000006c4c00000,0x00000006c8a65088,0x00000006d7280000)
 Metaspace       used 35441K, capacity 36320K, committed 36608K, reserved 1081344K
  class space    used 4554K, capacity 4770K, committed 4864K, reserved 1048576K
GC Heap History (10 events):
Event: 20.633 GC heap before
{Heap before GC invocations=11 (full 2):
 PSYoungGen      total 287744K, used 90209K [0x000000076c400000, 0x000000077eb80000, 0x00000007c0000000)
  eden space 286720K, 31% used [0x000000076c400000,0x0000000771b74518,0x000000077dc00000)
  from space 1024K, 64% used [0x000000077ea80000,0x000000077eb24010,0x000000077eb80000)
  to   space 5120K, 0% used [0x000000077e180000,0x000000077e180000,0x000000077e680000)
 ParOldGen       total 299520K, used 117824K [0x00000006c4c00000, 0x00000006d7080000, 0x000000076c400000)
  object space 299520K, 39% used [0x00000006c4c00000,0x00000006cbf101a0,0x00000006d7080000)
 Metaspace       used 20667K, capacity 20988K, committed 21296K, reserved 1069056K
  class space    used 2532K, capacity 2612K, committed 2688K, reserved 1048576K
Event: 20.639 GC heap after
Heap after GC invocations=11 (full 2):
 PSYoungGen      total 297472K, used 5113K [0x000000076c400000, 0x0000000783280000, 0x00000007c0000000)
  eden space 292352K, 0% used [0x000000076c400000,0x000000076c400000,0x000000077e180000)
  from space 5120K, 99% used [0x000000077e180000,0x000000077e67e610,0x000000077e680000)
  to   space 11264K, 0% used [0x0000000782780000,0x0000000782780000,0x0000000783280000)
 ParOldGen       total 299520K, used 130236K [0x00000006c4c00000, 0x00000006d7080000, 0x000000076c400000)
  object space 299520K, 43% used [0x00000006c4c00000,0x00000006ccb2f300,0x00000006d7080000)
 Metaspace       used 20667K, capacity 20988K, committed 21296K, reserved 1069056K
  class space    used 2532K, capacity 2612K, committed 2688K, reserved 1048576K
}
Event: 20.640 GC heap before
{Heap before GC invocations=12 (full 3):
 PSYoungGen      total 297472K, used 5113K [0x000000076c400000, 0x0000000783280000, 0x00000007c0000000)
  eden space 292352K, 0% used [0x000000076c400000,0x000000076c400000,0x000000077e180000)
  from space 5120K, 99% used [0x000000077e180000,0x000000077e67e610,0x000000077e680000)
  to   space 11264K, 0% used [0x0000000782780000,0x0000000782780000,0x0000000783280000)
 ParOldGen       total 299520K, used 130236K [0x00000006c4c00000, 0x00000006d7080000, 0x000000076c400000)
  object space 299520K, 43% used [0x00000006c4c00000,0x00000006ccb2f300,0x00000006d7080000)
 Metaspace       used 20667K, capacity 20988K, committed 21296K, reserved 1069056K
  class space    used 2532K, capacity 2612K, committed 2688K, reserved 1048576K
Event: 20.686 GC heap after
Heap after GC invocations=12 (full 3):
 PSYoungGen      total 297472K, used 0K [0x000000076c400000, 0x0000000783280000, 0x00000007c0000000)
  eden space 292352K, 0% used [0x000000076c400000,0x000000076c400000,0x000000077e180000)
  from space 5120K, 0% used [0x000000077e180000,0x000000077e180000,0x000000077e680000)
  to   space 11264K, 0% used [0x0000000782780000,0x0000000782780000,0x0000000783280000)
 ParOldGen       total 264704K, used 58667K [0x00000006c4c00000, 0x00000006d4e80000, 0x000000076c400000)
  object space 264704K, 22% used [0x00000006c4c00000,0x00000006c854adf8,0x00000006d4e80000)
 Metaspace       used 20667K, capacity 20988K, committed 21296K, reserved 1069056K
  class space    used 2532K, capacity 2612K, committed 2688K, reserved 1048576K
}
Event: 26.727 GC heap before
{Heap before GC invocations=13 (full 3):
 PSYoungGen      total 297472K, used 292251K [0x000000076c400000, 0x0000000783280000, 0x00000007c0000000)
  eden space 292352K, 99% used [0x000000076c400000,0x000000077e166f78,0x000000077e180000)
  from space 5120K, 0% used [0x000000077e180000,0x000000077e180000,0x000000077e680000)
  to   space 11264K, 0% used [0x0000000782780000,0x0000000782780000,0x0000000783280000)
 ParOldGen       total 264704K, used 58667K [0x00000006c4c00000, 0x00000006d4e80000, 0x000000076c400000)
  object space 264704K, 22% used [0x00000006c4c00000,0x00000006c854adf8,0x00000006d4e80000)
 Metaspace       used 34059K, capacity 34836K, committed 35072K, reserved 1079296K
  class space    used 4392K, capacity 4586K, committed 4608K, reserved 1048576K
Event: 26.734 GC heap after
Heap after GC invocations=13 (full 3):
 PSYoungGen      total 363520K, used 7350K [0x000000076c400000, 0x0000000783c80000, 0x00000007c0000000)
  eden space 352256K, 0% used [0x000000076c400000,0x000000076c400000,0x0000000781c00000)
  from space 11264K, 65% used [0x0000000782780000,0x0000000782ead898,0x0000000783280000)
  to   space 11776K, 0% used [0x0000000781c00000,0x0000000781c00000,0x0000000782780000)
 ParOldGen       total 264704K, used 58683K [0x00000006c4c00000, 0x00000006d4e80000, 0x000000076c400000)
  object space 264704K, 22% used [0x00000006c4c00000,0x00000006c854edf8,0x00000006d4e80000)
 Metaspace       used 34059K, capacity 34836K, committed 35072K, reserved 1079296K
  class space    used 4392K, capacity 4586K, committed 4608K, reserved 1048576K
}
Event: 26.886 GC heap before
{Heap before GC invocations=14 (full 3):
 PSYoungGen      total 363520K, used 151463K [0x000000076c400000, 0x0000000783c80000, 0x00000007c0000000)
  eden space 352256K, 40% used [0x000000076c400000,0x00000007750bc478,0x0000000781c00000)
  from space 11264K, 65% used [0x0000000782780000,0x0000000782ead898,0x0000000783280000)
  to   space 11776K, 0% used [0x0000000781c00000,0x0000000781c00000,0x0000000782780000)
 ParOldGen       total 264704K, used 58683K [0x00000006c4c00000, 0x00000006d4e80000, 0x000000076c400000)
  object space 264704K, 22% used [0x00000006c4c00000,0x00000006c854edf8,0x00000006d4e80000)
 Metaspace       used 34526K, capacity 35332K, committed 35456K, reserved 1079296K
  class space    used 4460K, capacity 4664K, committed 4736K, reserved 1048576K
Event: 26.891 GC heap after
Heap after GC invocations=14 (full 3):
 PSYoungGen      total 364032K, used 6889K [0x000000076c400000, 0x000000078a000000, 0x00000007c0000000)
  eden space 352256K, 0% used [0x000000076c400000,0x000000076c400000,0x0000000781c00000)
  from space 11776K, 58% used [0x0000000781c00000,0x00000007822ba608,0x0000000782780000)
  to   space 12288K, 0% used [0x0000000789400000,0x0000000789400000,0x000000078a000000)
 ParOldGen       total 264704K, used 58691K [0x00000006c4c00000, 0x00000006d4e80000, 0x000000076c400000)
  object space 264704K, 22% used [0x00000006c4c00000,0x00000006c8550df8,0x00000006d4e80000)
 Metaspace       used 34526K, capacity 35332K, committed 35456K, reserved 1079296K
  class space    used 4460K, capacity 4664K, committed 4736K, reserved 1048576K
}
Event: 26.891 GC heap before
{Heap before GC invocations=15 (full 4):
 PSYoungGen      total 364032K, used 6889K [0x000000076c400000, 0x000000078a000000, 0x00000007c0000000)
  eden space 352256K, 0% used [0x000000076c400000,0x000000076c400000,0x0000000781c00000)
  from space 11776K, 58% used [0x0000000781c00000,0x00000007822ba608,0x0000000782780000)
  to   space 12288K, 0% used [0x0000000789400000,0x0000000789400000,0x000000078a000000)
 ParOldGen       total 264704K, used 58691K [0x00000006c4c00000, 0x00000006d4e80000, 0x000000076c400000)
  object space 264704K, 22% used [0x00000006c4c00000,0x00000006c8550df8,0x00000006d4e80000)
 Metaspace       used 34526K, capacity 35332K, committed 35456K, reserved 1079296K
  class space    used 4460K, capacity 4664K, committed 4736K, reserved 1048576K
Event: 26.957 GC heap after
Heap after GC invocations=15 (full 4):
 PSYoungGen      total 364032K, used 0K [0x000000076c400000, 0x000000078a000000, 0x00000007c0000000)
  eden space 352256K, 0% used [0x000000076c400000,0x000000076c400000,0x0000000781c00000)
  from space 11776K, 0% used [0x0000000781c00000,0x0000000781c00000,0x0000000782780000)
  to   space 12288K, 0% used [0x0000000789400000,0x0000000789400000,0x000000078a000000)
 ParOldGen       total 301568K, used 63892K [0x00000006c4c00000, 0x00000006d7280000, 0x000000076c400000)
  object space 301568K, 21% used [0x00000006c4c00000,0x00000006c8a65088,0x00000006d7280000)
 Metaspace       used 34526K, capacity 35332K, committed 35456K, reserved 1079296K
  class space    used 4460K, capacity 4664K, committed 4736K, reserved 1048576K
}

