# JRE version: Java(TM) SE Runtime Environment (8.0_261-b12) (build 1.8.0_261-b12)
# Java VM: Java HotSpot(TM) 64-Bit Server VM (25.261-b12 mixed mode windows-amd64 compressed oops)
Heap:
 PSYoungGen      total 562176K, used 63454K [0x000000076c400000, 0x0000000791700000, 0x00000007c0000000)
  eden space 537600K, 11% used [0x000000076c400000,0x00000007701f7ae0,0x000000078d100000)
  from space 24576K, 0% used [0x000000078ff00000,0x000000078ff00000,0x0000000791700000)
  to   space 35840K, 0% used [0x000000078d100000,0x000000078d100000,0x000000078f400000)
 ParOldGen       total 223232K, used 46510K [0x00000006c4c00000, 0x00000006d2600000, 0x000000076c400000)
  object space 223232K, 20% used [0x00000006c4c00000,0x00000006c796b9f8,0x00000006d2600000)
 Metaspace       used 24744K, capacity 25216K, committed 25600K, reserved 1071104K
  class space    used 3132K, capacity 3258K, committed 3328K, reserved 1048576K
GC Heap History (10 events):
Event: 9.602 GC heap before
{Heap before GC invocations=8 (full 1):
 PSYoungGen      total 251392K, used 221405K [0x000000076c400000, 0x000000077e680000, 0x00000007c0000000)
  eden space 213504K, 100% used [0x000000076c400000,0x0000000779480000,0x0000000779480000)
  from space 37888K, 20% used [0x000000077c180000,0x000000077c937760,0x000000077e680000)
  to   space 41984K, 0% used [0x0000000779480000,0x0000000779480000,0x000000077bd80000)
 ParOldGen       total 201216K, used 85008K [0x00000006c4c00000, 0x00000006d1080000, 0x000000076c400000)
  object space 201216K, 42% used [0x00000006c4c00000,0x00000006c9f04140,0x00000006d1080000)
 Metaspace       used 16067K, capacity 16368K, committed 16640K, reserved 1064960K
  class space    used 1908K, capacity 1972K, committed 2048K, reserved 1048576K
Event: 9.606 GC heap after
Heap after GC invocations=8 (full 1):
 PSYoungGen      total 255488K, used 7965K [0x000000076c400000, 0x0000000788700000, 0x00000007c0000000)
  eden space 213504K, 0% used [0x000000076c400000,0x000000076c400000,0x0000000779480000)
  from space 41984K, 18% used [0x0000000779480000,0x0000000779c47760,0x000000077bd80000)
  to   space 39424K, 0% used [0x0000000786080000,0x0000000786080000,0x0000000788700000)
 ParOldGen       total 201216K, used 85016K [0x00000006c4c00000, 0x00000006d1080000, 0x000000076c400000)
  object space 201216K, 42% used [0x00000006c4c00000,0x00000006c9f06140,0x00000006d1080000)
 Metaspace       used 16067K, capacity 16368K, committed 16640K, reserved 1064960K
  class space    used 1908K, capacity 1972K, committed 2048K, reserved 1048576K
}
Event: 9.991 GC heap before
{Heap before GC invocations=9 (full 1):
 PSYoungGen      total 255488K, used 221469K [0x000000076c400000, 0x0000000788700000, 0x00000007c0000000)
  eden space 213504K, 100% used [0x000000076c400000,0x0000000779480000,0x0000000779480000)
  from space 41984K, 18% used [0x0000000779480000,0x0000000779c47760,0x000000077bd80000)
  to   space 39424K, 0% used [0x0000000786080000,0x0000000786080000,0x0000000788700000)
 ParOldGen       total 201216K, used 85016K [0x00000006c4c00000, 0x00000006d1080000, 0x000000076c400000)
  object space 201216K, 42% used [0x00000006c4c00000,0x00000006c9f06140,0x00000006d1080000)
 Metaspace       used 16104K, capacity 16432K, committed 16640K, reserved 1064960K
  class space    used 1912K, capacity 1972K, committed 2048K, reserved 1048576K
Event: 9.995 GC heap after
Heap after GC invocations=9 (full 1):
 PSYoungGen      total 415232K, used 160K [0x000000076c400000, 0x0000000788300000, 0x00000007c0000000)
  eden space 379904K, 0% used [0x000000076c400000,0x000000076c400000,0x0000000783700000)
  from space 35328K, 0% used [0x0000000786080000,0x00000007860a8000,0x0000000788300000)
  to   space 38912K, 0% used [0x0000000783700000,0x0000000783700000,0x0000000785d00000)
 ParOldGen       total 201216K, used 89432K [0x00000006c4c00000, 0x00000006d1080000, 0x000000076c400000)
  object space 201216K, 44% used [0x00000006c4c00000,0x00000006ca356260,0x00000006d1080000)
 Metaspace       used 16104K, capacity 16432K, committed 16640K, reserved 1064960K
  class space    used 1912K, capacity 1972K, committed 2048K, reserved 1048576K
}
Event: 10.713 GC heap before
{Heap before GC invocations=10 (full 1):
 PSYoungGen      total 415232K, used 380064K [0x000000076c400000, 0x0000000788300000, 0x00000007c0000000)
  eden space 379904K, 100% used [0x000000076c400000,0x0000000783700000,0x0000000783700000)
  from space 35328K, 0% used [0x0000000786080000,0x00000007860a8000,0x0000000788300000)
  to   space 38912K, 0% used [0x0000000783700000,0x0000000783700000,0x0000000785d00000)
 ParOldGen       total 201216K, used 89432K [0x00000006c4c00000, 0x00000006d1080000, 0x000000076c400000)
  object space 201216K, 44% used [0x00000006c4c00000,0x00000006ca356260,0x00000006d1080000)
 Metaspace       used 16108K, capacity 16432K, committed 16640K, reserved 1064960K
  class space    used 1913K, capacity 1972K, committed 2048K, reserved 1048576K
Event: 10.715 GC heap after
Heap after GC invocations=10 (full 1):
 PSYoungGen      total 418816K, used 160K [0x000000076c400000, 0x0000000792400000, 0x00000007c0000000)
  eden space 379904K, 0% used [0x000000076c400000,0x000000076c400000,0x0000000783700000)
  from space 38912K, 0% used [0x0000000783700000,0x0000000783728000,0x0000000785d00000)
  to   space 37888K, 0% used [0x000000078ff00000,0x000000078ff00000,0x0000000792400000)
 ParOldGen       total 201216K, used 89448K [0x00000006c4c00000, 0x00000006d1080000, 0x000000076c400000)
  object space 201216K, 44% used [0x00000006c4c00000,0x00000006ca35a260,0x00000006d1080000)
 Metaspace       used 16108K, capacity 16432K, committed 16640K, reserved 1064960K
  class space    used 1913K, capacity 1972K, committed 2048K, reserved 1048576K
}
Event: 14.127 GC heap before
{Heap before GC invocations=11 (full 1):
 PSYoungGen      total 418816K, used 155155K [0x000000076c400000, 0x0000000792400000, 0x00000007c0000000)
  eden space 379904K, 40% used [0x000000076c400000,0x0000000775b5cc68,0x0000000783700000)
  from space 38912K, 0% used [0x0000000783700000,0x0000000783728000,0x0000000785d00000)
  to   space 37888K, 0% used [0x000000078ff00000,0x000000078ff00000,0x0000000792400000)
 ParOldGen       total 201216K, used 89448K [0x00000006c4c00000, 0x00000006d1080000, 0x000000076c400000)
  object space 201216K, 44% used [0x00000006c4c00000,0x00000006ca35a260,0x00000006d1080000)
 Metaspace       used 20686K, capacity 20994K, committed 21296K, reserved 1069056K
  class space    used 2543K, capacity 2635K, committed 2688K, reserved 1048576K
Event: 14.136 GC heap after
Heap after GC invocations=11 (full 1):
 PSYoungGen      total 562176K, used 11941K [0x000000076c400000, 0x0000000791700000, 0x00000007c0000000)
  eden space 537600K, 0% used [0x000000076c400000,0x000000076c400000,0x000000078d100000)
  from space 24576K, 48% used [0x000000078ff00000,0x0000000790aa96b0,0x0000000791700000)
  to   space 35840K, 0% used [0x000000078d100000,0x000000078d100000,0x000000078f400000)
 ParOldGen       total 201216K, used 89521K [0x00000006c4c00000, 0x00000006d1080000, 0x000000076c400000)
  object space 201216K, 44% used [0x00000006c4c00000,0x00000006ca36c528,0x00000006d1080000)
 Metaspace       used 20686K, capacity 20994K, committed 21296K, reserved 1069056K
  class space    used 2543K, capacity 2635K, committed 2688K, reserved 1048576K
}
Event: 14.136 GC heap before
{Heap before GC invocations=12 (full 2):
 PSYoungGen      total 562176K, used 11941K [0x000000076c400000, 0x0000000791700000, 0x00000007c0000000)
  eden space 537600K, 0% used [0x000000076c400000,0x000000076c400000,0x000000078d100000)
  from space 24576K, 48% used [0x000000078ff00000,0x0000000790aa96b0,0x0000000791700000)
  to   space 35840K, 0% used [0x000000078d100000,0x000000078d100000,0x000000078f400000)
 ParOldGen       total 201216K, used 89521K [0x00000006c4c00000, 0x00000006d1080000, 0x000000076c400000)
  object space 201216K, 44% used [0x00000006c4c00000,0x00000006ca36c528,0x00000006d1080000)
 Metaspace       used 20686K, capacity 20994K, committed 21296K, reserved 1069056K
  class space    used 2543K, capacity 2635K, committed 2688K, reserved 1048576K
Event: 14.184 GC heap after
Heap after GC invocations=12 (full 2):
 PSYoungGen      total 562176K, used 0K [0x000000076c400000, 0x0000000791700000, 0x00000007c0000000)
  eden space 537600K, 0% used [0x000000076c400000,0x000000076c400000,0x000000078d100000)
  from space 24576K, 0% used [0x000000078ff00000,0x000000078ff00000,0x0000000791700000)
  to   space 35840K, 0% used [0x000000078d100000,0x000000078d100000,0x000000078f400000)
 ParOldGen       total 223232K, used 46510K [0x00000006c4c00000, 0x00000006d2600000, 0x000000076c400000)
  object space 223232K, 20% used [0x00000006c4c00000,0x00000006c796b9f8,0x00000006d2600000)
 Metaspace       used 20686K, capacity 20994K, committed 21296K, reserved 1069056K
  class space    used 2543K, capacity 2635K, committed 2688K, reserved 1048576K
}

